--------------------
./configure
Sat 22 May 2021 12:05:00 PM CEST
Checking for gcc...
=== ztest1015.c ===
extern int getchar();
int hello() {return getchar();}
===
gcc -c ztest1015.c
... using gcc

Checking for obsessive-compulsive compiler options...
=== ztest1015.c ===
int foo() { return 0; }
===
gcc -c -O3 ztest1015.c

Checking for shared library support...
=== ztest1015.c ===
extern int getchar();
int hello() {return getchar();}
===
gcc -w -c -O3 -fPIC ztest1015.c
gcc -shared -Wl,-soname,libz.so.1,--version-script,zlib.map -O3 -fPIC -o ztest1015.so ztest1015.o
Building shared library libz.so.1.2.11 with gcc.

=== ztest1015.c ===
#include <stdio.h>
#include <stdlib.h>
size_t dummy = 0;
===
gcc -c -O3 ztest1015.c
Checking for size_t... Yes.


=== ztest1015.c ===
#include <sys/types.h>
off64_t dummy = 0;
===
gcc -c -O3 -D_LARGEFILE64_SOURCE=1 ztest1015.c
Checking for off64_t... Yes.
Checking for fseeko... Yes.

=== ztest1015.c ===
#include <string.h>
#include <errno.h>
int main() { return strlen(strerror(errno)); }
===
gcc -O3 -D_LARGEFILE64_SOURCE=1 -o ztest1015 ztest1015.c
Checking for strerror... Yes.

=== ztest1015.c ===
#include <unistd.h>
int main() { return 0; }
===
gcc -c -O3 -D_LARGEFILE64_SOURCE=1 ztest1015.c
Checking for unistd.h... Yes.

=== ztest1015.c ===
#include <stdarg.h>
int main() { return 0; }
===
gcc -c -O3 -D_LARGEFILE64_SOURCE=1 ztest1015.c
Checking for stdarg.h... Yes.

=== ztest1015.c ===
#include <stdio.h>
#include <stdarg.h>
#include "zconf.h"
int main()
{
#ifndef STDC
  choke me
#endif
  return 0;
}
===
gcc -c -O3 -D_LARGEFILE64_SOURCE=1 ztest1015.c
Checking whether to use vs[n]printf() or s[n]printf()... using vs[n]printf().

=== ztest1015.c ===
#include <stdio.h>
#include <stdarg.h>
int mytest(const char *fmt, ...)
{
  char buf[20];
  va_list ap;
  va_start(ap, fmt);
  vsnprintf(buf, sizeof(buf), fmt, ap);
  va_end(ap);
  return 0;
}
int main()
{
  return (mytest("Hello%d\n", 1));
}
===
gcc -O3 -D_LARGEFILE64_SOURCE=1 -o ztest1015 ztest1015.c
Checking for vsnprintf() in stdio.h... Yes.

=== ztest1015.c ===
#include <stdio.h>
#include <stdarg.h>
int mytest(const char *fmt, ...)
{
  int n;
  char buf[20];
  va_list ap;
  va_start(ap, fmt);
  n = vsnprintf(buf, sizeof(buf), fmt, ap);
  va_end(ap);
  return n;
}
int main()
{
  return (mytest("Hello%d\n", 1));
}
===
gcc -c -O3 -D_LARGEFILE64_SOURCE=1 ztest1015.c
Checking for return value of vsnprintf()... Yes.

=== ztest1015.c ===
#define ZLIB_INTERNAL __attribute__((visibility ("hidden")))
int ZLIB_INTERNAL foo;
int main()
{
  return 0;
}
===
gcc -c -O3 -D_LARGEFILE64_SOURCE=1 ztest1015.c
Checking for attribute(visibility) support... Yes.

ALL = static shared all64
AR = ar
ARFLAGS = rc
CC = gcc
CFLAGS = -O3 -D_LARGEFILE64_SOURCE=1 -DHAVE_HIDDEN
CPP = gcc -E
EXE =
LDCONFIG = ldconfig
LDFLAGS =
LDSHARED = gcc -shared -Wl,-soname,libz.so.1,--version-script,zlib.map
LDSHAREDLIBC = -lc
OBJC = $(OBJZ) $(OBJG)
PIC_OBJC = $(PIC_OBJZ) $(PIC_OBJG)
RANLIB = ranlib
SFLAGS = -O3 -fPIC -D_LARGEFILE64_SOURCE=1 -DHAVE_HIDDEN
SHAREDLIB = libz.so
SHAREDLIBM = libz.so.1
SHAREDLIBV = libz.so.1.2.11
STATICLIB = libz.a
TEST = all teststatic testshared test64
VER = 1.2.11
Z_U4 =
SRCDIR =
exec_prefix = ${prefix}
includedir = ${prefix}/include
libdir = ${exec_prefix}/lib
mandir = ${prefix}/share/man
prefix = /usr/local
sharedlibdir = ${libdir}
uname = Linux
--------------------


--------------------
./configure
Sat 22 May 2021 01:08:24 PM CEST
Checking for gcc...
=== ztest1870.c ===
extern int getchar();
int hello() {return getchar();}
===
gcc -c ztest1870.c
... using gcc

Checking for obsessive-compulsive compiler options...
=== ztest1870.c ===
int foo() { return 0; }
===
gcc -c -O3 ztest1870.c

Checking for shared library support...
=== ztest1870.c ===
extern int getchar();
int hello() {return getchar();}
===
gcc -w -c -O3 -fPIC ztest1870.c
gcc -shared -Wl,-soname,libz.so.1,--version-script,zlib.map -O3 -fPIC -o ztest1870.so ztest1870.o
Building shared library libz.so.1.2.11 with gcc.

=== ztest1870.c ===
#include <stdio.h>
#include <stdlib.h>
size_t dummy = 0;
===
gcc -c -O3 ztest1870.c
Checking for size_t... Yes.


=== ztest1870.c ===
#include <sys/types.h>
off64_t dummy = 0;
===
gcc -c -O3 -D_LARGEFILE64_SOURCE=1 ztest1870.c
Checking for off64_t... Yes.
Checking for fseeko... Yes.

=== ztest1870.c ===
#include <string.h>
#include <errno.h>
int main() { return strlen(strerror(errno)); }
===
gcc -O3 -D_LARGEFILE64_SOURCE=1 -o ztest1870 ztest1870.c
Checking for strerror... Yes.

=== ztest1870.c ===
#include <unistd.h>
int main() { return 0; }
===
gcc -c -O3 -D_LARGEFILE64_SOURCE=1 ztest1870.c
Checking for unistd.h... Yes.

=== ztest1870.c ===
#include <stdarg.h>
int main() { return 0; }
===
gcc -c -O3 -D_LARGEFILE64_SOURCE=1 ztest1870.c
Checking for stdarg.h... Yes.

=== ztest1870.c ===
#include <stdio.h>
#include <stdarg.h>
#include "zconf.h"
int main()
{
#ifndef STDC
  choke me
#endif
  return 0;
}
===
gcc -c -O3 -D_LARGEFILE64_SOURCE=1 ztest1870.c
Checking whether to use vs[n]printf() or s[n]printf()... using vs[n]printf().

=== ztest1870.c ===
#include <stdio.h>
#include <stdarg.h>
int mytest(const char *fmt, ...)
{
  char buf[20];
  va_list ap;
  va_start(ap, fmt);
  vsnprintf(buf, sizeof(buf), fmt, ap);
  va_end(ap);
  return 0;
}
int main()
{
  return (mytest("Hello%d\n", 1));
}
===
gcc -O3 -D_LARGEFILE64_SOURCE=1 -o ztest1870 ztest1870.c
Checking for vsnprintf() in stdio.h... Yes.

=== ztest1870.c ===
#include <stdio.h>
#include <stdarg.h>
int mytest(const char *fmt, ...)
{
  int n;
  char buf[20];
  va_list ap;
  va_start(ap, fmt);
  n = vsnprintf(buf, sizeof(buf), fmt, ap);
  va_end(ap);
  return n;
}
int main()
{
  return (mytest("Hello%d\n", 1));
}
===
gcc -c -O3 -D_LARGEFILE64_SOURCE=1 ztest1870.c
Checking for return value of vsnprintf()... Yes.

=== ztest1870.c ===
#define ZLIB_INTERNAL __attribute__((visibility ("hidden")))
int ZLIB_INTERNAL foo;
int main()
{
  return 0;
}
===
gcc -c -O3 -D_LARGEFILE64_SOURCE=1 ztest1870.c
Checking for attribute(visibility) support... Yes.

ALL = static shared all64
AR = ar
ARFLAGS = rc
CC = gcc
CFLAGS = -O3 -D_LARGEFILE64_SOURCE=1 -DHAVE_HIDDEN
CPP = gcc -E
EXE =
LDCONFIG = ldconfig
LDFLAGS =
LDSHARED = gcc -shared -Wl,-soname,libz.so.1,--version-script,zlib.map
LDSHAREDLIBC = -lc
OBJC = $(OBJZ) $(OBJG)
PIC_OBJC = $(PIC_OBJZ) $(PIC_OBJG)
RANLIB = ranlib
SFLAGS = -O3 -fPIC -D_LARGEFILE64_SOURCE=1 -DHAVE_HIDDEN
SHAREDLIB = libz.so
SHAREDLIBM = libz.so.1
SHAREDLIBV = libz.so.1.2.11
STATICLIB = libz.a
TEST = all teststatic testshared test64
VER = 1.2.11
Z_U4 =
SRCDIR =
exec_prefix = ${prefix}
includedir = ${prefix}/include
libdir = ${exec_prefix}/lib
mandir = ${prefix}/share/man
prefix = /usr/local
sharedlibdir = ${libdir}
uname = Linux
--------------------


--------------------
./configure
Sat 22 May 2021 01:09:31 PM CEST
Checking for gcc...
=== ztest2190.c ===
extern int getchar();
int hello() {return getchar();}
===
gcc -c ztest2190.c
... using gcc

Checking for obsessive-compulsive compiler options...
=== ztest2190.c ===
int foo() { return 0; }
===
gcc -c -O3 ztest2190.c

Checking for shared library support...
=== ztest2190.c ===
extern int getchar();
int hello() {return getchar();}
===
gcc -w -c -O3 -fPIC ztest2190.c
gcc -shared -Wl,-soname,libz.so.1,--version-script,zlib.map -O3 -fPIC -o ztest2190.so ztest2190.o
Building shared library libz.so.1.2.11 with gcc.

=== ztest2190.c ===
#include <stdio.h>
#include <stdlib.h>
size_t dummy = 0;
===
gcc -c -O3 ztest2190.c
Checking for size_t... Yes.


=== ztest2190.c ===
#include <sys/types.h>
off64_t dummy = 0;
===
gcc -c -O3 -D_LARGEFILE64_SOURCE=1 ztest2190.c
Checking for off64_t... Yes.
Checking for fseeko... Yes.

=== ztest2190.c ===
#include <string.h>
#include <errno.h>
int main() { return strlen(strerror(errno)); }
===
gcc -O3 -D_LARGEFILE64_SOURCE=1 -o ztest2190 ztest2190.c
Checking for strerror... Yes.

=== ztest2190.c ===
#include <unistd.h>
int main() { return 0; }
===
gcc -c -O3 -D_LARGEFILE64_SOURCE=1 ztest2190.c
Checking for unistd.h... Yes.

=== ztest2190.c ===
#include <stdarg.h>
int main() { return 0; }
===
gcc -c -O3 -D_LARGEFILE64_SOURCE=1 ztest2190.c
Checking for stdarg.h... Yes.

=== ztest2190.c ===
#include <stdio.h>
#include <stdarg.h>
#include "zconf.h"
int main()
{
#ifndef STDC
  choke me
#endif
  return 0;
}
===
gcc -c -O3 -D_LARGEFILE64_SOURCE=1 ztest2190.c
Checking whether to use vs[n]printf() or s[n]printf()... using vs[n]printf().

=== ztest2190.c ===
#include <stdio.h>
#include <stdarg.h>
int mytest(const char *fmt, ...)
{
  char buf[20];
  va_list ap;
  va_start(ap, fmt);
  vsnprintf(buf, sizeof(buf), fmt, ap);
  va_end(ap);
  return 0;
}
int main()
{
  return (mytest("Hello%d\n", 1));
}
===
gcc -O3 -D_LARGEFILE64_SOURCE=1 -o ztest2190 ztest2190.c
Checking for vsnprintf() in stdio.h... Yes.

=== ztest2190.c ===
#include <stdio.h>
#include <stdarg.h>
int mytest(const char *fmt, ...)
{
  int n;
  char buf[20];
  va_list ap;
  va_start(ap, fmt);
  n = vsnprintf(buf, sizeof(buf), fmt, ap);
  va_end(ap);
  return n;
}
int main()
{
  return (mytest("Hello%d\n", 1));
}
===
gcc -c -O3 -D_LARGEFILE64_SOURCE=1 ztest2190.c
Checking for return value of vsnprintf()... Yes.

=== ztest2190.c ===
#define ZLIB_INTERNAL __attribute__((visibility ("hidden")))
int ZLIB_INTERNAL foo;
int main()
{
  return 0;
}
===
gcc -c -O3 -D_LARGEFILE64_SOURCE=1 ztest2190.c
Checking for attribute(visibility) support... Yes.

ALL = static shared all64
AR = ar
ARFLAGS = rc
CC = gcc
CFLAGS = -O3 -D_LARGEFILE64_SOURCE=1 -DHAVE_HIDDEN
CPP = gcc -E
EXE =
LDCONFIG = ldconfig
LDFLAGS =
LDSHARED = gcc -shared -Wl,-soname,libz.so.1,--version-script,zlib.map
LDSHAREDLIBC = -lc
OBJC = $(OBJZ) $(OBJG)
PIC_OBJC = $(PIC_OBJZ) $(PIC_OBJG)
RANLIB = ranlib
SFLAGS = -O3 -fPIC -D_LARGEFILE64_SOURCE=1 -DHAVE_HIDDEN
SHAREDLIB = libz.so
SHAREDLIBM = libz.so.1
SHAREDLIBV = libz.so.1.2.11
STATICLIB = libz.a
TEST = all teststatic testshared test64
VER = 1.2.11
Z_U4 =
SRCDIR =
exec_prefix = ${prefix}
includedir = ${prefix}/include
libdir = ${exec_prefix}/lib
mandir = ${prefix}/share/man
prefix = /usr/local
sharedlibdir = ${libdir}
uname = Linux
--------------------


--------------------
./configure
Sat 22 May 2021 01:22:01 PM CEST
Checking for gcc...
=== ztest2587.c ===
extern int getchar();
int hello() {return getchar();}
===
gcc -c ztest2587.c
... using gcc

Checking for obsessive-compulsive compiler options...
=== ztest2587.c ===
int foo() { return 0; }
===
gcc -c -O3 ztest2587.c

Checking for shared library support...
=== ztest2587.c ===
extern int getchar();
int hello() {return getchar();}
===
gcc -w -c -O3 -fPIC ztest2587.c
gcc -shared -Wl,-soname,libz.so.1,--version-script,zlib.map -O3 -fPIC -o ztest2587.so ztest2587.o
Building shared library libz.so.1.2.11 with gcc.

=== ztest2587.c ===
#include <stdio.h>
#include <stdlib.h>
size_t dummy = 0;
===
gcc -c -O3 ztest2587.c
Checking for size_t... Yes.


=== ztest2587.c ===
#include <sys/types.h>
off64_t dummy = 0;
===
gcc -c -O3 -D_LARGEFILE64_SOURCE=1 ztest2587.c
Checking for off64_t... Yes.
Checking for fseeko... Yes.

=== ztest2587.c ===
#include <string.h>
#include <errno.h>
int main() { return strlen(strerror(errno)); }
===
gcc -O3 -D_LARGEFILE64_SOURCE=1 -o ztest2587 ztest2587.c
Checking for strerror... Yes.

=== ztest2587.c ===
#include <unistd.h>
int main() { return 0; }
===
gcc -c -O3 -D_LARGEFILE64_SOURCE=1 ztest2587.c
Checking for unistd.h... Yes.

=== ztest2587.c ===
#include <stdarg.h>
int main() { return 0; }
===
gcc -c -O3 -D_LARGEFILE64_SOURCE=1 ztest2587.c
Checking for stdarg.h... Yes.

=== ztest2587.c ===
#include <stdio.h>
#include <stdarg.h>
#include "zconf.h"
int main()
{
#ifndef STDC
  choke me
#endif
  return 0;
}
===
gcc -c -O3 -D_LARGEFILE64_SOURCE=1 ztest2587.c
Checking whether to use vs[n]printf() or s[n]printf()... using vs[n]printf().

=== ztest2587.c ===
#include <stdio.h>
#include <stdarg.h>
int mytest(const char *fmt, ...)
{
  char buf[20];
  va_list ap;
  va_start(ap, fmt);
  vsnprintf(buf, sizeof(buf), fmt, ap);
  va_end(ap);
  return 0;
}
int main()
{
  return (mytest("Hello%d\n", 1));
}
===
gcc -O3 -D_LARGEFILE64_SOURCE=1 -o ztest2587 ztest2587.c
Checking for vsnprintf() in stdio.h... Yes.

=== ztest2587.c ===
#include <stdio.h>
#include <stdarg.h>
int mytest(const char *fmt, ...)
{
  int n;
  char buf[20];
  va_list ap;
  va_start(ap, fmt);
  n = vsnprintf(buf, sizeof(buf), fmt, ap);
  va_end(ap);
  return n;
}
int main()
{
  return (mytest("Hello%d\n", 1));
}
===
gcc -c -O3 -D_LARGEFILE64_SOURCE=1 ztest2587.c
Checking for return value of vsnprintf()... Yes.

=== ztest2587.c ===
#define ZLIB_INTERNAL __attribute__((visibility ("hidden")))
int ZLIB_INTERNAL foo;
int main()
{
  return 0;
}
===
gcc -c -O3 -D_LARGEFILE64_SOURCE=1 ztest2587.c
Checking for attribute(visibility) support... Yes.

ALL = static shared all64
AR = ar
ARFLAGS = rc
CC = gcc
CFLAGS = -O3 -D_LARGEFILE64_SOURCE=1 -DHAVE_HIDDEN
CPP = gcc -E
EXE =
LDCONFIG = ldconfig
LDFLAGS =
LDSHARED = gcc -shared -Wl,-soname,libz.so.1,--version-script,zlib.map
LDSHAREDLIBC = -lc
OBJC = $(OBJZ) $(OBJG)
PIC_OBJC = $(PIC_OBJZ) $(PIC_OBJG)
RANLIB = ranlib
SFLAGS = -O3 -fPIC -D_LARGEFILE64_SOURCE=1 -DHAVE_HIDDEN
SHAREDLIB = libz.so
SHAREDLIBM = libz.so.1
SHAREDLIBV = libz.so.1.2.11
STATICLIB = libz.a
TEST = all teststatic testshared test64
VER = 1.2.11
Z_U4 =
SRCDIR =
exec_prefix = ${prefix}
includedir = ${prefix}/include
libdir = ${exec_prefix}/lib
mandir = ${prefix}/share/man
prefix = /usr/local
sharedlibdir = ${libdir}
uname = Linux
--------------------


--------------------
./configure
Sun 23 May 2021 10:47:44 AM CEST
Checking for gcc...
=== ztest606.c ===
extern int getchar();
int hello() {return getchar();}
===
gcc -c ztest606.c
... using gcc

Checking for obsessive-compulsive compiler options...
=== ztest606.c ===
int foo() { return 0; }
===
gcc -c -O3 ztest606.c

Checking for shared library support...
=== ztest606.c ===
extern int getchar();
int hello() {return getchar();}
===
gcc -w -c -O3 -fPIC ztest606.c
gcc -shared -Wl,-soname,libz.so.1,--version-script,zlib.map -O3 -fPIC -o ztest606.so ztest606.o
Building shared library libz.so.1.2.11 with gcc.

=== ztest606.c ===
#include <stdio.h>
#include <stdlib.h>
size_t dummy = 0;
===
gcc -c -O3 ztest606.c
Checking for size_t... Yes.


=== ztest606.c ===
#include <sys/types.h>
off64_t dummy = 0;
===
gcc -c -O3 -D_LARGEFILE64_SOURCE=1 ztest606.c
Checking for off64_t... Yes.
Checking for fseeko... Yes.

=== ztest606.c ===
#include <string.h>
#include <errno.h>
int main() { return strlen(strerror(errno)); }
===
gcc -O3 -D_LARGEFILE64_SOURCE=1 -o ztest606 ztest606.c
Checking for strerror... Yes.

=== ztest606.c ===
#include <unistd.h>
int main() { return 0; }
===
gcc -c -O3 -D_LARGEFILE64_SOURCE=1 ztest606.c
Checking for unistd.h... Yes.

=== ztest606.c ===
#include <stdarg.h>
int main() { return 0; }
===
gcc -c -O3 -D_LARGEFILE64_SOURCE=1 ztest606.c
Checking for stdarg.h... Yes.

=== ztest606.c ===
#include <stdio.h>
#include <stdarg.h>
#include "zconf.h"
int main()
{
#ifndef STDC
  choke me
#endif
  return 0;
}
===
gcc -c -O3 -D_LARGEFILE64_SOURCE=1 ztest606.c
Checking whether to use vs[n]printf() or s[n]printf()... using vs[n]printf().

=== ztest606.c ===
#include <stdio.h>
#include <stdarg.h>
int mytest(const char *fmt, ...)
{
  char buf[20];
  va_list ap;
  va_start(ap, fmt);
  vsnprintf(buf, sizeof(buf), fmt, ap);
  va_end(ap);
  return 0;
}
int main()
{
  return (mytest("Hello%d\n", 1));
}
===
gcc -O3 -D_LARGEFILE64_SOURCE=1 -o ztest606 ztest606.c
Checking for vsnprintf() in stdio.h... Yes.

=== ztest606.c ===
#include <stdio.h>
#include <stdarg.h>
int mytest(const char *fmt, ...)
{
  int n;
  char buf[20];
  va_list ap;
  va_start(ap, fmt);
  n = vsnprintf(buf, sizeof(buf), fmt, ap);
  va_end(ap);
  return n;
}
int main()
{
  return (mytest("Hello%d\n", 1));
}
===
gcc -c -O3 -D_LARGEFILE64_SOURCE=1 ztest606.c
Checking for return value of vsnprintf()... Yes.

=== ztest606.c ===
#define ZLIB_INTERNAL __attribute__((visibility ("hidden")))
int ZLIB_INTERNAL foo;
int main()
{
  return 0;
}
===
gcc -c -O3 -D_LARGEFILE64_SOURCE=1 ztest606.c
Checking for attribute(visibility) support... Yes.

ALL = static shared all64
AR = ar
ARFLAGS = rc
CC = gcc
CFLAGS = -O3 -D_LARGEFILE64_SOURCE=1 -DHAVE_HIDDEN
CPP = gcc -E
EXE =
LDCONFIG = ldconfig
LDFLAGS =
LDSHARED = gcc -shared -Wl,-soname,libz.so.1,--version-script,zlib.map
LDSHAREDLIBC = -lc
OBJC = $(OBJZ) $(OBJG)
PIC_OBJC = $(PIC_OBJZ) $(PIC_OBJG)
RANLIB = ranlib
SFLAGS = -O3 -fPIC -D_LARGEFILE64_SOURCE=1 -DHAVE_HIDDEN
SHAREDLIB = libz.so
SHAREDLIBM = libz.so.1
SHAREDLIBV = libz.so.1.2.11
STATICLIB = libz.a
TEST = all teststatic testshared test64
VER = 1.2.11
Z_U4 =
SRCDIR =
exec_prefix = ${prefix}
includedir = ${prefix}/include
libdir = ${exec_prefix}/lib
mandir = ${prefix}/share/man
prefix = /usr/local
sharedlibdir = ${libdir}
uname = Linux
--------------------


--------------------
./configure
Sun 23 May 2021 10:48:37 AM CEST
Checking for gcc...
=== ztest966.c ===
extern int getchar();
int hello() {return getchar();}
===
gcc -c ztest966.c
... using gcc

Checking for obsessive-compulsive compiler options...
=== ztest966.c ===
int foo() { return 0; }
===
gcc -c -O3 ztest966.c

Checking for shared library support...
=== ztest966.c ===
extern int getchar();
int hello() {return getchar();}
===
gcc -w -c -O3 -fPIC ztest966.c
gcc -shared -Wl,-soname,libz.so.1,--version-script,zlib.map -O3 -fPIC -o ztest966.so ztest966.o
Building shared library libz.so.1.2.11 with gcc.

=== ztest966.c ===
#include <stdio.h>
#include <stdlib.h>
size_t dummy = 0;
===
gcc -c -O3 ztest966.c
Checking for size_t... Yes.


=== ztest966.c ===
#include <sys/types.h>
off64_t dummy = 0;
===
gcc -c -O3 -D_LARGEFILE64_SOURCE=1 ztest966.c
Checking for off64_t... Yes.
Checking for fseeko... Yes.

=== ztest966.c ===
#include <string.h>
#include <errno.h>
int main() { return strlen(strerror(errno)); }
===
gcc -O3 -D_LARGEFILE64_SOURCE=1 -o ztest966 ztest966.c
Checking for strerror... Yes.

=== ztest966.c ===
#include <unistd.h>
int main() { return 0; }
===
gcc -c -O3 -D_LARGEFILE64_SOURCE=1 ztest966.c
Checking for unistd.h... Yes.

=== ztest966.c ===
#include <stdarg.h>
int main() { return 0; }
===
gcc -c -O3 -D_LARGEFILE64_SOURCE=1 ztest966.c
Checking for stdarg.h... Yes.

=== ztest966.c ===
#include <stdio.h>
#include <stdarg.h>
#include "zconf.h"
int main()
{
#ifndef STDC
  choke me
#endif
  return 0;
}
===
gcc -c -O3 -D_LARGEFILE64_SOURCE=1 ztest966.c
Checking whether to use vs[n]printf() or s[n]printf()... using vs[n]printf().

=== ztest966.c ===
#include <stdio.h>
#include <stdarg.h>
int mytest(const char *fmt, ...)
{
  char buf[20];
  va_list ap;
  va_start(ap, fmt);
  vsnprintf(buf, sizeof(buf), fmt, ap);
  va_end(ap);
  return 0;
}
int main()
{
  return (mytest("Hello%d\n", 1));
}
===
gcc -O3 -D_LARGEFILE64_SOURCE=1 -o ztest966 ztest966.c
Checking for vsnprintf() in stdio.h... Yes.

=== ztest966.c ===
#include <stdio.h>
#include <stdarg.h>
int mytest(const char *fmt, ...)
{
  int n;
  char buf[20];
  va_list ap;
  va_start(ap, fmt);
  n = vsnprintf(buf, sizeof(buf), fmt, ap);
  va_end(ap);
  return n;
}
int main()
{
  return (mytest("Hello%d\n", 1));
}
===
gcc -c -O3 -D_LARGEFILE64_SOURCE=1 ztest966.c
Checking for return value of vsnprintf()... Yes.

=== ztest966.c ===
#define ZLIB_INTERNAL __attribute__((visibility ("hidden")))
int ZLIB_INTERNAL foo;
int main()
{
  return 0;
}
===
gcc -c -O3 -D_LARGEFILE64_SOURCE=1 ztest966.c
Checking for attribute(visibility) support... Yes.

ALL = static shared all64
AR = ar
ARFLAGS = rc
CC = gcc
CFLAGS = -O3 -D_LARGEFILE64_SOURCE=1 -DHAVE_HIDDEN
CPP = gcc -E
EXE =
LDCONFIG = ldconfig
LDFLAGS =
LDSHARED = gcc -shared -Wl,-soname,libz.so.1,--version-script,zlib.map
LDSHAREDLIBC = -lc
OBJC = $(OBJZ) $(OBJG)
PIC_OBJC = $(PIC_OBJZ) $(PIC_OBJG)
RANLIB = ranlib
SFLAGS = -O3 -fPIC -D_LARGEFILE64_SOURCE=1 -DHAVE_HIDDEN
SHAREDLIB = libz.so
SHAREDLIBM = libz.so.1
SHAREDLIBV = libz.so.1.2.11
STATICLIB = libz.a
TEST = all teststatic testshared test64
VER = 1.2.11
Z_U4 =
SRCDIR =
exec_prefix = ${prefix}
includedir = ${prefix}/include
libdir = ${exec_prefix}/lib
mandir = ${prefix}/share/man
prefix = /usr/local
sharedlibdir = ${libdir}
uname = Linux
--------------------


--------------------
./configure
Mon 24 May 2021 12:28:08 PM CEST
Checking for gcc...
=== ztest231.c ===
extern int getchar();
int hello() {return getchar();}
===
gcc -c ztest231.c
... using gcc

Checking for obsessive-compulsive compiler options...
=== ztest231.c ===
int foo() { return 0; }
===
gcc -c -O3 ztest231.c

Checking for shared library support...
=== ztest231.c ===
extern int getchar();
int hello() {return getchar();}
===
gcc -w -c -O3 -fPIC ztest231.c
gcc -shared -Wl,-soname,libz.so.1,--version-script,zlib.map -O3 -fPIC -o ztest231.so ztest231.o
Building shared library libz.so.1.2.11 with gcc.

=== ztest231.c ===
#include <stdio.h>
#include <stdlib.h>
size_t dummy = 0;
===
gcc -c -O3 ztest231.c
Checking for size_t... Yes.


=== ztest231.c ===
#include <sys/types.h>
off64_t dummy = 0;
===
gcc -c -O3 -D_LARGEFILE64_SOURCE=1 ztest231.c
Checking for off64_t... Yes.
Checking for fseeko... Yes.

=== ztest231.c ===
#include <string.h>
#include <errno.h>
int main() { return strlen(strerror(errno)); }
===
gcc -O3 -D_LARGEFILE64_SOURCE=1 -o ztest231 ztest231.c
Checking for strerror... Yes.

=== ztest231.c ===
#include <unistd.h>
int main() { return 0; }
===
gcc -c -O3 -D_LARGEFILE64_SOURCE=1 ztest231.c
Checking for unistd.h... Yes.

=== ztest231.c ===
#include <stdarg.h>
int main() { return 0; }
===
gcc -c -O3 -D_LARGEFILE64_SOURCE=1 ztest231.c
Checking for stdarg.h... Yes.

=== ztest231.c ===
#include <stdio.h>
#include <stdarg.h>
#include "zconf.h"
int main()
{
#ifndef STDC
  choke me
#endif
  return 0;
}
===
gcc -c -O3 -D_LARGEFILE64_SOURCE=1 ztest231.c
Checking whether to use vs[n]printf() or s[n]printf()... using vs[n]printf().

=== ztest231.c ===
#include <stdio.h>
#include <stdarg.h>
int mytest(const char *fmt, ...)
{
  char buf[20];
  va_list ap;
  va_start(ap, fmt);
  vsnprintf(buf, sizeof(buf), fmt, ap);
  va_end(ap);
  return 0;
}
int main()
{
  return (mytest("Hello%d\n", 1));
}
===
gcc -O3 -D_LARGEFILE64_SOURCE=1 -o ztest231 ztest231.c
Checking for vsnprintf() in stdio.h... Yes.

=== ztest231.c ===
#include <stdio.h>
#include <stdarg.h>
int mytest(const char *fmt, ...)
{
  int n;
  char buf[20];
  va_list ap;
  va_start(ap, fmt);
  n = vsnprintf(buf, sizeof(buf), fmt, ap);
  va_end(ap);
  return n;
}
int main()
{
  return (mytest("Hello%d\n", 1));
}
===
gcc -c -O3 -D_LARGEFILE64_SOURCE=1 ztest231.c
Checking for return value of vsnprintf()... Yes.

=== ztest231.c ===
#define ZLIB_INTERNAL __attribute__((visibility ("hidden")))
int ZLIB_INTERNAL foo;
int main()
{
  return 0;
}
===
gcc -c -O3 -D_LARGEFILE64_SOURCE=1 ztest231.c
Checking for attribute(visibility) support... Yes.

ALL = static shared all64
AR = ar
ARFLAGS = rc
CC = gcc
CFLAGS = -O3 -D_LARGEFILE64_SOURCE=1 -DHAVE_HIDDEN
CPP = gcc -E
EXE =
LDCONFIG = ldconfig
LDFLAGS =
LDSHARED = gcc -shared -Wl,-soname,libz.so.1,--version-script,zlib.map
LDSHAREDLIBC = -lc
OBJC = $(OBJZ) $(OBJG)
PIC_OBJC = $(PIC_OBJZ) $(PIC_OBJG)
RANLIB = ranlib
SFLAGS = -O3 -fPIC -D_LARGEFILE64_SOURCE=1 -DHAVE_HIDDEN
SHAREDLIB = libz.so
SHAREDLIBM = libz.so.1
SHAREDLIBV = libz.so.1.2.11
STATICLIB = libz.a
TEST = all teststatic testshared test64
VER = 1.2.11
Z_U4 =
SRCDIR =
exec_prefix = ${prefix}
includedir = ${prefix}/include
libdir = ${exec_prefix}/lib
mandir = ${prefix}/share/man
prefix = /usr/local
sharedlibdir = ${libdir}
uname = Linux
--------------------


--------------------
./configure
Tue 25 May 2021 09:11:35 AM CEST
Checking for gcc...
=== ztest108.c ===
extern int getchar();
int hello() {return getchar();}
===
gcc -c ztest108.c
... using gcc

Checking for obsessive-compulsive compiler options...
=== ztest108.c ===
int foo() { return 0; }
===
gcc -c -O3 ztest108.c

Checking for shared library support...
=== ztest108.c ===
extern int getchar();
int hello() {return getchar();}
===
gcc -w -c -O3 -fPIC ztest108.c
gcc -shared -Wl,-soname,libz.so.1,--version-script,zlib.map -O3 -fPIC -o ztest108.so ztest108.o
Building shared library libz.so.1.2.11 with gcc.

=== ztest108.c ===
#include <stdio.h>
#include <stdlib.h>
size_t dummy = 0;
===
gcc -c -O3 ztest108.c
Checking for size_t... Yes.


=== ztest108.c ===
#include <sys/types.h>
off64_t dummy = 0;
===
gcc -c -O3 -D_LARGEFILE64_SOURCE=1 ztest108.c
Checking for off64_t... Yes.
Checking for fseeko... Yes.

=== ztest108.c ===
#include <string.h>
#include <errno.h>
int main() { return strlen(strerror(errno)); }
===
gcc -O3 -D_LARGEFILE64_SOURCE=1 -o ztest108 ztest108.c
Checking for strerror... Yes.

=== ztest108.c ===
#include <unistd.h>
int main() { return 0; }
===
gcc -c -O3 -D_LARGEFILE64_SOURCE=1 ztest108.c
Checking for unistd.h... Yes.

=== ztest108.c ===
#include <stdarg.h>
int main() { return 0; }
===
gcc -c -O3 -D_LARGEFILE64_SOURCE=1 ztest108.c
Checking for stdarg.h... Yes.

=== ztest108.c ===
#include <stdio.h>
#include <stdarg.h>
#include "zconf.h"
int main()
{
#ifndef STDC
  choke me
#endif
  return 0;
}
===
gcc -c -O3 -D_LARGEFILE64_SOURCE=1 ztest108.c
Checking whether to use vs[n]printf() or s[n]printf()... using vs[n]printf().

=== ztest108.c ===
#include <stdio.h>
#include <stdarg.h>
int mytest(const char *fmt, ...)
{
  char buf[20];
  va_list ap;
  va_start(ap, fmt);
  vsnprintf(buf, sizeof(buf), fmt, ap);
  va_end(ap);
  return 0;
}
int main()
{
  return (mytest("Hello%d\n", 1));
}
===
gcc -O3 -D_LARGEFILE64_SOURCE=1 -o ztest108 ztest108.c
Checking for vsnprintf() in stdio.h... Yes.

=== ztest108.c ===
#include <stdio.h>
#include <stdarg.h>
int mytest(const char *fmt, ...)
{
  int n;
  char buf[20];
  va_list ap;
  va_start(ap, fmt);
  n = vsnprintf(buf, sizeof(buf), fmt, ap);
  va_end(ap);
  return n;
}
int main()
{
  return (mytest("Hello%d\n", 1));
}
===
gcc -c -O3 -D_LARGEFILE64_SOURCE=1 ztest108.c
Checking for return value of vsnprintf()... Yes.

=== ztest108.c ===
#define ZLIB_INTERNAL __attribute__((visibility ("hidden")))
int ZLIB_INTERNAL foo;
int main()
{
  return 0;
}
===
gcc -c -O3 -D_LARGEFILE64_SOURCE=1 ztest108.c
Checking for attribute(visibility) support... Yes.

ALL = static shared all64
AR = ar
ARFLAGS = rc
CC = gcc
CFLAGS = -O3 -D_LARGEFILE64_SOURCE=1 -DHAVE_HIDDEN
CPP = gcc -E
EXE =
LDCONFIG = ldconfig
LDFLAGS =
LDSHARED = gcc -shared -Wl,-soname,libz.so.1,--version-script,zlib.map
LDSHAREDLIBC = -lc
OBJC = $(OBJZ) $(OBJG)
PIC_OBJC = $(PIC_OBJZ) $(PIC_OBJG)
RANLIB = ranlib
SFLAGS = -O3 -fPIC -D_LARGEFILE64_SOURCE=1 -DHAVE_HIDDEN
SHAREDLIB = libz.so
SHAREDLIBM = libz.so.1
SHAREDLIBV = libz.so.1.2.11
STATICLIB = libz.a
TEST = all teststatic testshared test64
VER = 1.2.11
Z_U4 =
SRCDIR =
exec_prefix = ${prefix}
includedir = ${prefix}/include
libdir = ${exec_prefix}/lib
mandir = ${prefix}/share/man
prefix = /usr/local
sharedlibdir = ${libdir}
uname = Linux
--------------------


--------------------
./configure
Tue 25 May 2021 09:12:06 AM CEST
Checking for gcc...
=== ztest463.c ===
extern int getchar();
int hello() {return getchar();}
===
gcc -c ztest463.c
... using gcc

Checking for obsessive-compulsive compiler options...
=== ztest463.c ===
int foo() { return 0; }
===
gcc -c -O3 ztest463.c

Checking for shared library support...
=== ztest463.c ===
extern int getchar();
int hello() {return getchar();}
===
gcc -w -c -O3 -fPIC ztest463.c
gcc -shared -Wl,-soname,libz.so.1,--version-script,zlib.map -O3 -fPIC -o ztest463.so ztest463.o
Building shared library libz.so.1.2.11 with gcc.

=== ztest463.c ===
#include <stdio.h>
#include <stdlib.h>
size_t dummy = 0;
===
gcc -c -O3 ztest463.c
Checking for size_t... Yes.


=== ztest463.c ===
#include <sys/types.h>
off64_t dummy = 0;
===
gcc -c -O3 -D_LARGEFILE64_SOURCE=1 ztest463.c
Checking for off64_t... Yes.
Checking for fseeko... Yes.

=== ztest463.c ===
#include <string.h>
#include <errno.h>
int main() { return strlen(strerror(errno)); }
===
gcc -O3 -D_LARGEFILE64_SOURCE=1 -o ztest463 ztest463.c
Checking for strerror... Yes.

=== ztest463.c ===
#include <unistd.h>
int main() { return 0; }
===
gcc -c -O3 -D_LARGEFILE64_SOURCE=1 ztest463.c
Checking for unistd.h... Yes.

=== ztest463.c ===
#include <stdarg.h>
int main() { return 0; }
===
gcc -c -O3 -D_LARGEFILE64_SOURCE=1 ztest463.c
Checking for stdarg.h... Yes.

=== ztest463.c ===
#include <stdio.h>
#include <stdarg.h>
#include "zconf.h"
int main()
{
#ifndef STDC
  choke me
#endif
  return 0;
}
===
gcc -c -O3 -D_LARGEFILE64_SOURCE=1 ztest463.c
Checking whether to use vs[n]printf() or s[n]printf()... using vs[n]printf().

=== ztest463.c ===
#include <stdio.h>
#include <stdarg.h>
int mytest(const char *fmt, ...)
{
  char buf[20];
  va_list ap;
  va_start(ap, fmt);
  vsnprintf(buf, sizeof(buf), fmt, ap);
  va_end(ap);
  return 0;
}
int main()
{
  return (mytest("Hello%d\n", 1));
}
===
gcc -O3 -D_LARGEFILE64_SOURCE=1 -o ztest463 ztest463.c
Checking for vsnprintf() in stdio.h... Yes.

=== ztest463.c ===
#include <stdio.h>
#include <stdarg.h>
int mytest(const char *fmt, ...)
{
  int n;
  char buf[20];
  va_list ap;
  va_start(ap, fmt);
  n = vsnprintf(buf, sizeof(buf), fmt, ap);
  va_end(ap);
  return n;
}
int main()
{
  return (mytest("Hello%d\n", 1));
}
===
gcc -c -O3 -D_LARGEFILE64_SOURCE=1 ztest463.c
Checking for return value of vsnprintf()... Yes.

=== ztest463.c ===
#define ZLIB_INTERNAL __attribute__((visibility ("hidden")))
int ZLIB_INTERNAL foo;
int main()
{
  return 0;
}
===
gcc -c -O3 -D_LARGEFILE64_SOURCE=1 ztest463.c
Checking for attribute(visibility) support... Yes.

ALL = static shared all64
AR = ar
ARFLAGS = rc
CC = gcc
CFLAGS = -O3 -D_LARGEFILE64_SOURCE=1 -DHAVE_HIDDEN
CPP = gcc -E
EXE =
LDCONFIG = ldconfig
LDFLAGS =
LDSHARED = gcc -shared -Wl,-soname,libz.so.1,--version-script,zlib.map
LDSHAREDLIBC = -lc
OBJC = $(OBJZ) $(OBJG)
PIC_OBJC = $(PIC_OBJZ) $(PIC_OBJG)
RANLIB = ranlib
SFLAGS = -O3 -fPIC -D_LARGEFILE64_SOURCE=1 -DHAVE_HIDDEN
SHAREDLIB = libz.so
SHAREDLIBM = libz.so.1
SHAREDLIBV = libz.so.1.2.11
STATICLIB = libz.a
TEST = all teststatic testshared test64
VER = 1.2.11
Z_U4 =
SRCDIR =
exec_prefix = ${prefix}
includedir = ${prefix}/include
libdir = ${exec_prefix}/lib
mandir = ${prefix}/share/man
prefix = /usr/local
sharedlibdir = ${libdir}
uname = Linux
--------------------


--------------------
./configure
Tue 25 May 2021 09:13:47 AM CEST
Checking for gcc...
=== ztest819.c ===
extern int getchar();
int hello() {return getchar();}
===
gcc -c ztest819.c
... using gcc

Checking for obsessive-compulsive compiler options...
=== ztest819.c ===
int foo() { return 0; }
===
gcc -c -O3 ztest819.c

Checking for shared library support...
=== ztest819.c ===
extern int getchar();
int hello() {return getchar();}
===
gcc -w -c -O3 -fPIC ztest819.c
gcc -shared -Wl,-soname,libz.so.1,--version-script,zlib.map -O3 -fPIC -o ztest819.so ztest819.o
Building shared library libz.so.1.2.11 with gcc.

=== ztest819.c ===
#include <stdio.h>
#include <stdlib.h>
size_t dummy = 0;
===
gcc -c -O3 ztest819.c
Checking for size_t... Yes.


=== ztest819.c ===
#include <sys/types.h>
off64_t dummy = 0;
===
gcc -c -O3 -D_LARGEFILE64_SOURCE=1 ztest819.c
Checking for off64_t... Yes.
Checking for fseeko... Yes.

=== ztest819.c ===
#include <string.h>
#include <errno.h>
int main() { return strlen(strerror(errno)); }
===
gcc -O3 -D_LARGEFILE64_SOURCE=1 -o ztest819 ztest819.c
Checking for strerror... Yes.

=== ztest819.c ===
#include <unistd.h>
int main() { return 0; }
===
gcc -c -O3 -D_LARGEFILE64_SOURCE=1 ztest819.c
Checking for unistd.h... Yes.

=== ztest819.c ===
#include <stdarg.h>
int main() { return 0; }
===
gcc -c -O3 -D_LARGEFILE64_SOURCE=1 ztest819.c
Checking for stdarg.h... Yes.

=== ztest819.c ===
#include <stdio.h>
#include <stdarg.h>
#include "zconf.h"
int main()
{
#ifndef STDC
  choke me
#endif
  return 0;
}
===
gcc -c -O3 -D_LARGEFILE64_SOURCE=1 ztest819.c
Checking whether to use vs[n]printf() or s[n]printf()... using vs[n]printf().

=== ztest819.c ===
#include <stdio.h>
#include <stdarg.h>
int mytest(const char *fmt, ...)
{
  char buf[20];
  va_list ap;
  va_start(ap, fmt);
  vsnprintf(buf, sizeof(buf), fmt, ap);
  va_end(ap);
  return 0;
}
int main()
{
  return (mytest("Hello%d\n", 1));
}
===
gcc -O3 -D_LARGEFILE64_SOURCE=1 -o ztest819 ztest819.c
Checking for vsnprintf() in stdio.h... Yes.

=== ztest819.c ===
#include <stdio.h>
#include <stdarg.h>
int mytest(const char *fmt, ...)
{
  int n;
  char buf[20];
  va_list ap;
  va_start(ap, fmt);
  n = vsnprintf(buf, sizeof(buf), fmt, ap);
  va_end(ap);
  return n;
}
int main()
{
  return (mytest("Hello%d\n", 1));
}
===
gcc -c -O3 -D_LARGEFILE64_SOURCE=1 ztest819.c
Checking for return value of vsnprintf()... Yes.

=== ztest819.c ===
#define ZLIB_INTERNAL __attribute__((visibility ("hidden")))
int ZLIB_INTERNAL foo;
int main()
{
  return 0;
}
===
gcc -c -O3 -D_LARGEFILE64_SOURCE=1 ztest819.c
Checking for attribute(visibility) support... Yes.

ALL = static shared all64
AR = ar
ARFLAGS = rc
CC = gcc
CFLAGS = -O3 -D_LARGEFILE64_SOURCE=1 -DHAVE_HIDDEN
CPP = gcc -E
EXE =
LDCONFIG = ldconfig
LDFLAGS =
LDSHARED = gcc -shared -Wl,-soname,libz.so.1,--version-script,zlib.map
LDSHAREDLIBC = -lc
OBJC = $(OBJZ) $(OBJG)
PIC_OBJC = $(PIC_OBJZ) $(PIC_OBJG)
RANLIB = ranlib
SFLAGS = -O3 -fPIC -D_LARGEFILE64_SOURCE=1 -DHAVE_HIDDEN
SHAREDLIB = libz.so
SHAREDLIBM = libz.so.1
SHAREDLIBV = libz.so.1.2.11
STATICLIB = libz.a
TEST = all teststatic testshared test64
VER = 1.2.11
Z_U4 =
SRCDIR =
exec_prefix = ${prefix}
includedir = ${prefix}/include
libdir = ${exec_prefix}/lib
mandir = ${prefix}/share/man
prefix = /usr/local
sharedlibdir = ${libdir}
uname = Linux
--------------------


